#
# A fatal error has been detected by the Java Runtime Environment:
#
#  Internal Error (./open/src/hotspot/cpu/x86/compiledIC_x86.cpp:148), pid=48876, tid=37972
#  guarantee(stub != NULL) failed: stub not found
#
# JRE version: OpenJDK Runtime Environment (14.0.1+7) (build 14.0.1+7)
# Java VM: OpenJDK 64-Bit Server VM (14.0.1+7, mixed mode, sharing, tiered, compressed oops, g1 gc, windows-amd64)
# No core dump will be written. Minidumps are not enabled by default on client versions of Windows
#
# If you would like to submit a bug report, please visit:
#   https://bugreport.java.com/bugreport/crash.jsp
#

---------------  S U M M A R Y ------------

Command Line: -Dclassworlds.conf=C:\apache-maven-3.3.9\bin\..\bin\m2.conf -Dmaven.home=C:\apache-maven-3.3.9\bin\.. -Dmaven.multiModuleProjectDirectory=c:\dependencies\nova\core org.codehaus.plexus.classworlds.launcher.Launcher clean install

Host: Intel(R) Core(TM) i7-7700HQ CPU @ 2.80GHz, 8 cores, 15G,  Windows 10 , 64 bit Build 18362 (10.0.18362.1500)
Time: Tue Aug 24 03:38:21 2021 Coordinated Universal Time elapsed time: 3 seconds (0d 0h 0m 3s)

---------------  T H R E A D  ---------------

Current thread (0x000001e7c729b000):  JavaThread "main" [_thread_in_vm, id=37972, stack(0x0000002e2d700000,0x0000002e2d800000)]

Stack: [0x0000002e2d700000,0x0000002e2d800000]
Native frames: (J=compiled Java code, j=interpreted, Vv=VM code, C=native code)
V  [jvm.dll+0x5f840a]
V  [jvm.dll+0x741e4a]
V  [jvm.dll+0x7435ff]
V  [jvm.dll+0x743bf7]
V  [jvm.dll+0x20d20c]
V  [jvm.dll+0x1fa3a1]
V  [jvm.dll+0x1f9e9e]
V  [jvm.dll+0x661fa6]
V  [jvm.dll+0x661cdc]
V  [jvm.dll+0x661656]
V  [jvm.dll+0x661769]
C  0x000001e7cfa7ad8c

Java frames: (J=compiled Java code, j=interpreted, Vv=VM code)
v  ~RuntimeStub::resolve_opt_virtual_call
J 5598 c1 com.sun.tools.javac.jvm.Code.resolve(Lcom/sun/tools/javac/jvm/Code$Chain;I)V jdk.compiler@14.0.1 (452 bytes) @ 0x000001e7d0d5756c [0x000001e7d0d56180+0x00000000000013ec]
J 5366 c2 com.sun.tools.javac.jvm.Code.emitop(I)V jdk.compiler@14.0.1 (117 bytes) @ 0x000001e7d77939c8 [0x000001e7d77933c0+0x0000000000000608]
J 4571 c1 com.sun.tools.javac.jvm.Code.emitop0(I)V jdk.compiler@14.0.1 (2589 bytes) @ 0x000001e7d0a3730c [0x000001e7d0a37260+0x00000000000000ac]
j  com.sun.tools.javac.jvm.Gen.visitReturn(Lcom/sun/tools/javac/tree/JCTree$JCReturn;)V+133 jdk.compiler@14.0.1
J 5619 c2 com.sun.tools.javac.tree.JCTree$JCReturn.accept(Lcom/sun/tools/javac/tree/JCTree$Visitor;)V jdk.compiler@14.0.1 (6 bytes) @ 0x000001e7d77c7454 [0x000001e7d77c7400+0x0000000000000054]
J 4872 c1 com.sun.tools.javac.jvm.Gen.genDef(Lcom/sun/tools/javac/tree/JCTree;Lcom/sun/tools/javac/comp/Env;)V jdk.compiler@14.0.1 (58 bytes) @ 0x000001e7d0b08484 [0x000001e7d0b08300+0x0000000000000184]
J 4902 c1 com.sun.tools.javac.jvm.Gen.genStat(Lcom/sun/tools/javac/tree/JCTree;Lcom/sun/tools/javac/comp/Env;)V jdk.compiler@14.0.1 (69 bytes) @ 0x000001e7d0b2446c [0x000001e7d0b23a00+0x0000000000000a6c]
J 4888 c1 com.sun.tools.javac.jvm.Gen.genStat(Lcom/sun/tools/javac/tree/JCTree;Lcom/sun/tools/javac/comp/Env;I)V jdk.compiler@14.0.1 (65 bytes) @ 0x000001e7d0b1fb5c [0x000001e7d0b1f460+0x00000000000006fc]
J 5055 c1 com.sun.tools.javac.jvm.Gen.visitBlock(Lcom/sun/tools/javac/tree/JCTree$JCBlock;)V jdk.compiler@14.0.1 (77 bytes) @ 0x000001e7d0b9bb34 [0x000001e7d0b9b480+0x00000000000006b4]
J 5160 c2 com.sun.tools.javac.tree.JCTree$JCBlock.accept(Lcom/sun/tools/javac/tree/JCTree$Visitor;)V jdk.compiler@14.0.1 (6 bytes) @ 0x000001e7d77709d4 [0x000001e7d7770980+0x0000000000000054]
J 4872 c1 com.sun.tools.javac.jvm.Gen.genDef(Lcom/sun/tools/javac/tree/JCTree;Lcom/sun/tools/javac/comp/Env;)V jdk.compiler@14.0.1 (58 bytes) @ 0x000001e7d0b08484 [0x000001e7d0b08300+0x0000000000000184]
J 4902 c1 com.sun.tools.javac.jvm.Gen.genStat(Lcom/sun/tools/javac/tree/JCTree;Lcom/sun/tools/javac/comp/Env;)V jdk.compiler@14.0.1 (69 bytes) @ 0x000001e7d0b2446c [0x000001e7d0b23a00+0x0000000000000a6c]
j  com.sun.tools.javac.jvm.Gen.genMethod(Lcom/sun/tools/javac/tree/JCTree$JCMethodDecl;Lcom/sun/tools/javac/comp/Env;Z)V+148 jdk.compiler@14.0.1
j  com.sun.tools.javac.jvm.Gen.visitMethodDef(Lcom/sun/tools/javac/tree/JCTree$JCMethodDecl;)V+56 jdk.compiler@14.0.1
J 5154 c2 com.sun.tools.javac.tree.JCTree$JCMethodDecl.accept(Lcom/sun/tools/javac/tree/JCTree$Visitor;)V jdk.compiler@14.0.1 (6 bytes) @ 0x000001e7d776ffd4 [0x000001e7d776ff80+0x0000000000000054]
J 4872 c1 com.sun.tools.javac.jvm.Gen.genDef(Lcom/sun/tools/javac/tree/JCTree;Lcom/sun/tools/javac/comp/Env;)V jdk.compiler@14.0.1 (58 bytes) @ 0x000001e7d0b08484 [0x000001e7d0b08300+0x0000000000000184]
j  com.sun.tools.javac.jvm.Gen.genClass(Lcom/sun/tools/javac/comp/Env;Lcom/sun/tools/javac/tree/JCTree$JCClassDecl;)Z+104 jdk.compiler@14.0.1
j  com.sun.tools.javac.main.JavaCompiler.genCode(Lcom/sun/tools/javac/comp/Env;Lcom/sun/tools/javac/tree/JCTree$JCClassDecl;)Ljavax/tools/JavaFileObject;+6 jdk.compiler@14.0.1
j  com.sun.tools.javac.main.JavaCompiler.generate(Ljava/util/Queue;Ljava/util/Queue;)V+278 jdk.compiler@14.0.1
j  com.sun.tools.javac.main.JavaCompiler.generate(Ljava/util/Queue;)V+3 jdk.compiler@14.0.1
j  com.sun.tools.javac.main.JavaCompiler.compile(Ljava/util/Collection;Ljava/util/Collection;Ljava/lang/Iterable;Ljava/util/Collection;)V+533 jdk.compiler@14.0.1
j  com.sun.tools.javac.api.JavacTaskImpl.lambda$doCall$0()Lcom/sun/tools/javac/main/Main$Result;+45 jdk.compiler@14.0.1
j  com.sun.tools.javac.api.JavacTaskImpl$$Lambda$67.call()Ljava/lang/Object;+4 jdk.compiler@14.0.1
j  com.sun.tools.javac.api.JavacTaskImpl.handleExceptions(Ljava/util/concurrent/Callable;Ljava/lang/Object;Ljava/lang/Object;)Ljava/lang/Object;+17 jdk.compiler@14.0.1
j  com.sun.tools.javac.api.JavacTaskImpl.doCall()Lcom/sun/tools/javac/main/Main$Result;+13 jdk.compiler@14.0.1
j  com.sun.tools.javac.api.JavacTaskImpl.call()Ljava/lang/Boolean;+1 jdk.compiler@14.0.1
j  org.codehaus.plexus.compiler.javac.JavaxToolsCompiler.compileInProcess([Ljava/lang/String;Lorg/codehaus/plexus/compiler/CompilerConfiguration;[Ljava/lang/String;)Lorg/codehaus/plexus/compiler/CompilerResult;+129
j  org.codehaus.plexus.compiler.javac.JavacCompiler.performCompile(Lorg/codehaus/plexus/compiler/CompilerConfiguration;)Lorg/codehaus/plexus/compiler/CompilerResult;+216
j  org.apache.maven.plugin.compiler.AbstractCompilerMojo.execute()V+2255
j  org.apache.maven.plugin.compiler.CompilerMojo.execute()V+20
j  org.apache.maven.plugin.DefaultBuildPluginManager.executeMojo(Lorg/apache/maven/execution/MavenSession;Lorg/apache/maven/plugin/MojoExecution;)V+155
j  org.apache.maven.lifecycle.internal.MojoExecutor.execute(Lorg/apache/maven/execution/MavenSession;Lorg/apache/maven/plugin/MojoExecution;Lorg/apache/maven/lifecycle/internal/ProjectIndex;Lorg/apache/maven/lifecycle/internal/DependencyContext;)V+220
j  org.apache.maven.lifecycle.internal.MojoExecutor.execute(Lorg/apache/maven/execution/MavenSession;Lorg/apache/maven/plugin/MojoExecution;Lorg/apache/maven/lifecycle/internal/ProjectIndex;Lorg/apache/maven/lifecycle/internal/DependencyContext;Lorg/apache/maven/lifecycle/internal/PhaseRecorder;)V+6
j  org.apache.maven.lifecycle.internal.MojoExecutor.execute(Lorg/apache/maven/execution/MavenSession;Ljava/util/List;Lorg/apache/maven/lifecycle/internal/ProjectIndex;)V+60
j  org.apache.maven.lifecycle.internal.LifecycleModuleBuilder.buildProject(Lorg/apache/maven/execution/MavenSession;Lorg/apache/maven/execution/MavenSession;Lorg/apache/maven/lifecycle/internal/ReactorContext;Lorg/apache/maven/project/MavenProject;Lorg/apache/maven/lifecycle/internal/TaskSegment;)V+180
j  org.apache.maven.lifecycle.internal.LifecycleModuleBuilder.buildProject(Lorg/apache/maven/execution/MavenSession;Lorg/apache/maven/lifecycle/internal/ReactorContext;Lorg/apache/maven/project/MavenProject;Lorg/apache/maven/lifecycle/internal/TaskSegment;)V+7
j  org.apache.maven.lifecycle.internal.builder.singlethreaded.SingleThreadedBuilder.build(Lorg/apache/maven/execution/MavenSession;Lorg/apache/maven/lifecycle/internal/ReactorContext;Lorg/apache/maven/lifecycle/internal/ProjectBuildList;Ljava/util/List;Lorg/apache/maven/lifecycle/internal/ReactorBuildStatus;)V+77
j  org.apache.maven.lifecycle.internal.LifecycleStarter.execute(Lorg/apache/maven/execution/MavenSession;)V+353
j  org.apache.maven.DefaultMaven.doExecute(Lorg/apache/maven/execution/MavenExecutionRequest;Lorg/apache/maven/execution/MavenSession;Lorg/apache/maven/execution/MavenExecutionResult;Lorg/eclipse/aether/DefaultRepositorySystemSession;)Lorg/apache/maven/execution/MavenExecutionResult;+414
j  org.apache.maven.DefaultMaven.doExecute(Lorg/apache/maven/execution/MavenExecutionRequest;)Lorg/apache/maven/execution/MavenExecutionResult;+99
j  org.apache.maven.DefaultMaven.execute(Lorg/apache/maven/execution/MavenExecutionRequest;)Lorg/apache/maven/execution/MavenExecutionResult;+2
j  org.apache.maven.cli.MavenCli.execute(Lorg/apache/maven/cli/CliRequest;)I+27
j  org.apache.maven.cli.MavenCli.doMain(Lorg/apache/maven/cli/CliRequest;)I+66
j  org.apache.maven.cli.MavenCli.main([Ljava/lang/String;Lorg/codehaus/plexus/classworlds/ClassWorld;)I+18
v  ~StubRoutines::call_stub
j  jdk.internal.reflect.NativeMethodAccessorImpl.invoke0(Ljava/lang/reflect/Method;Ljava/lang/Object;[Ljava/lang/Object;)Ljava/lang/Object;+0 java.base@14.0.1
j  jdk.internal.reflect.NativeMethodAccessorImpl.invoke(Ljava/lang/Object;[Ljava/lang/Object;)Ljava/lang/Object;+100 java.base@14.0.1
j  jdk.internal.reflect.DelegatingMethodAccessorImpl.invoke(Ljava/lang/Object;[Ljava/lang/Object;)Ljava/lang/Object;+6 java.base@14.0.1
j  java.lang.reflect.Method.invoke(Ljava/lang/Object;[Ljava/lang/Object;)Ljava/lang/Object;+59 java.base@14.0.1
j  org.codehaus.plexus.classworlds.launcher.Launcher.launchEnhanced([Ljava/lang/String;)V+45
j  org.codehaus.plexus.classworlds.launcher.Launcher.launch([Ljava/lang/String;)V+2
j  org.codehaus.plexus.classworlds.launcher.Launcher.mainWithExitCode([Ljava/lang/String;)I+101
j  org.codehaus.plexus.classworlds.launcher.Launcher.main([Ljava/lang/String;)V+1
v  ~StubRoutines::call_stub

---------------  P R O C E S S  ---------------

Threads class SMR info:
_java_thread_list=0x000001e7ed128640, length=13, elements={
0x000001e7c729b000, 0x000001e7eb001800, 0x000001e7eb002800, 0x000001e7eb8c3800,
0x000001e7eb8c6800, 0x000001e7eb8c8000, 0x000001e7eb8cb000, 0x000001e7eb8cc000,
0x000001e7eb8cd000, 0x000001e7eba27800, 0x000001e7eba1e800, 0x000001e7ec05d000,
0x000001e7ecd78800
}

Java Threads: ( => current thread )
=>0x000001e7c729b000 JavaThread "main" [_thread_in_vm, id=37972, stack(0x0000002e2d700000,0x0000002e2d800000)]
  0x000001e7eb001800 JavaThread "Reference Handler" daemon [_thread_blocked, id=47552, stack(0x0000002e2de00000,0x0000002e2df00000)]
  0x000001e7eb002800 JavaThread "Finalizer" daemon [_thread_blocked, id=55900, stack(0x0000002e2df00000,0x0000002e2e000000)]
  0x000001e7eb8c3800 JavaThread "Signal Dispatcher" daemon [_thread_blocked, id=38196, stack(0x0000002e2e000000,0x0000002e2e100000)]
  0x000001e7eb8c6800 JavaThread "Attach Listener" daemon [_thread_blocked, id=32668, stack(0x0000002e2e100000,0x0000002e2e200000)]
  0x000001e7eb8c8000 JavaThread "Service Thread" daemon [_thread_blocked, id=25060, stack(0x0000002e2e200000,0x0000002e2e300000)]
  0x000001e7eb8cb000 JavaThread "C2 CompilerThread0" daemon [_thread_in_native, id=37916, stack(0x0000002e2e300000,0x0000002e2e400000)]
  0x000001e7eb8cc000 JavaThread "C1 CompilerThread0" daemon [_thread_blocked, id=55796, stack(0x0000002e2e400000,0x0000002e2e500000)]
  0x000001e7eb8cd000 JavaThread "Sweeper thread" daemon [_thread_in_vm, id=49024, stack(0x0000002e2e500000,0x0000002e2e600000)]
  0x000001e7eba27800 JavaThread "Notification Thread" daemon [_thread_blocked, id=56048, stack(0x0000002e2e600000,0x0000002e2e700000)]
  0x000001e7eba1e800 JavaThread "Common-Cleaner" daemon [_thread_blocked, id=37288, stack(0x0000002e2e800000,0x0000002e2e900000)]
  0x000001e7ec05d000 JavaThread "C2 CompilerThread1" daemon [_thread_in_native, id=10716, stack(0x0000002e2e900000,0x0000002e2ea00000)]
  0x000001e7ecd78800 JavaThread "C2 CompilerThread2" daemon [_thread_in_native, id=14552, stack(0x0000002e2ea00000,0x0000002e2eb00000)]

Other Threads:
  0x000001e7eaffb800 VMThread "VM Thread" [stack: 0x0000002e2dd00000,0x0000002e2de00000] [id=55988]
  0x000001e7eba1b000 WatcherThread [stack: 0x0000002e2e700000,0x0000002e2e800000] [id=56272]
  0x000001e7c7303000 GCTaskThread "GC Thread#0" [stack: 0x0000002e2d800000,0x0000002e2d900000] [id=16580]
  0x000001e7ecaec800 GCTaskThread "GC Thread#1" [stack: 0x0000002e2eb00000,0x0000002e2ec00000] [id=16888]
  0x000001e7ec966000 GCTaskThread "GC Thread#2" [stack: 0x0000002e2ec00000,0x0000002e2ed00000] [id=19656]
  0x000001e7ec6c7000 GCTaskThread "GC Thread#3" [stack: 0x0000002e2ed00000,0x0000002e2ee00000] [id=42548]
  0x000001e7ebd5a800 GCTaskThread "GC Thread#4" [stack: 0x0000002e2ee00000,0x0000002e2ef00000] [id=45268]
  0x000001e7ecd55800 GCTaskThread "GC Thread#5" [stack: 0x0000002e2ef00000,0x0000002e2f000000] [id=45080]
  0x000001e7c7324000 ConcurrentGCThread "G1 Main Marker" [stack: 0x0000002e2d900000,0x0000002e2da00000] [id=42236]
  0x000001e7c7326000 ConcurrentGCThread "G1 Conc#0" [stack: 0x0000002e2da00000,0x0000002e2db00000] [id=55760]
  0x000001e7edcd4000 ConcurrentGCThread "G1 Conc#1" [stack: 0x0000002e2f000000,0x0000002e2f100000] [id=56064]
  0x000001e7eaee3000 ConcurrentGCThread "G1 Refine#0" [stack: 0x0000002e2db00000,0x0000002e2dc00000] [id=55408]
  0x000001e7eaee4000 ConcurrentGCThread "G1 Young RemSet Sampling" [stack: 0x0000002e2dc00000,0x0000002e2dd00000] [id=34048]

Threads with active compile tasks:
C2 CompilerThread0     3912 5611       4       com.sun.tools.javac.comp.Check::checkType (168 bytes)
C2 CompilerThread1     3912 5609       4       com.sun.tools.javac.code.Types$MembersClosureCache::visitClassType (10 bytes)
C2 CompilerThread2     3912 5610   !   4       com.sun.tools.javac.code.Types$MembersClosureCache::visitClassType (216 bytes)

VM state:not at safepoint (normal execution)

VM Mutex/Monitor currently owned by a thread:  ([mutex/lock_event])
[0x000001e7c7296f90] CompiledIC_lock - owner thread: 0x000001e7c729b000

Heap address: 0x0000000701c00000, size: 4068 MB, Compressed Oops mode: Zero based, Oop shift amount: 3
Narrow klass base: 0x0000000800000000, Narrow klass shift: 3
Compressed class space size: 1073741824 Address: 0x0000000800b30000

Heap:
 garbage-first heap   total 151552K, used 42081K [0x0000000701c00000, 0x0000000800000000)
  region size 1024K, 28 young (28672K), 3 survivors (3072K)
 Metaspace       used 24624K, capacity 25455K, committed 25648K, reserved 1071104K
  class space    used 2795K, capacity 3080K, committed 3200K, reserved 1048576K
Heap Regions: E=young(eden), S=young(survivor), O=old, HS=humongous(starts), HC=humongous(continues), CS=collection set, F=free, OA=open archive, CA=closed archive, TAMS=top-at-mark-start (previous, next)
|   0|0x0000000701c00000, 0x0000000701d00000, 0x0000000701d00000|100%| O|  |TAMS 0x0000000701d00000, 0x0000000701c00000| Untracked 
|   1|0x0000000701d00000, 0x0000000701e00000, 0x0000000701e00000|100%| O|  |TAMS 0x0000000701e00000, 0x0000000701d00000| Untracked 
|   2|0x0000000701e00000, 0x0000000701f00000, 0x0000000701f00000|100%| O|  |TAMS 0x0000000701f00000, 0x0000000701e00000| Untracked 
|   3|0x0000000701f00000, 0x0000000701f18400, 0x0000000702000000|  9%| O|  |TAMS 0x0000000701f18400, 0x0000000701f00000| Untracked 
|   4|0x0000000702000000, 0x0000000702100000, 0x0000000702100000|100%| O|  |TAMS 0x0000000702000000, 0x0000000702000000| Untracked 
|   5|0x0000000702100000, 0x0000000702200000, 0x0000000702200000|100%| O|  |TAMS 0x0000000702100000, 0x0000000702100000| Untracked 
|   6|0x0000000702200000, 0x0000000702300000, 0x0000000702300000|100%| O|  |TAMS 0x0000000702200000, 0x0000000702200000| Untracked 
|   7|0x0000000702300000, 0x0000000702400000, 0x0000000702400000|100%| O|  |TAMS 0x0000000702300000, 0x0000000702300000| Untracked 
|   8|0x0000000702400000, 0x0000000702500000, 0x0000000702500000|100%| O|  |TAMS 0x0000000702400000, 0x0000000702400000| Untracked 
|   9|0x0000000702500000, 0x0000000702600000, 0x0000000702600000|100%| O|  |TAMS 0x0000000702500000, 0x0000000702500000| Untracked 
|  10|0x0000000702600000, 0x0000000702700000, 0x0000000702700000|100%| O|  |TAMS 0x0000000702600000, 0x0000000702600000| Untracked 
|  11|0x0000000702700000, 0x0000000702800000, 0x0000000702800000|100%| O|  |TAMS 0x0000000702700000, 0x0000000702700000| Untracked 
|  12|0x0000000702800000, 0x0000000702900000, 0x0000000702900000|100%| O|  |TAMS 0x0000000702800000, 0x0000000702800000| Untracked 
|  13|0x0000000702900000, 0x0000000702900000, 0x0000000702a00000|  0%| F|  |TAMS 0x0000000702900000, 0x0000000702900000| Untracked 
|  14|0x0000000702a00000, 0x0000000702a00000, 0x0000000702b00000|  0%| F|  |TAMS 0x0000000702a00000, 0x0000000702a00000| Untracked 
|  15|0x0000000702b00000, 0x0000000702b00000, 0x0000000702c00000|  0%| F|  |TAMS 0x0000000702b00000, 0x0000000702b00000| Untracked 
|  16|0x0000000702c00000, 0x0000000702d00000, 0x0000000702d00000|100%| O|  |TAMS 0x0000000702c00000, 0x0000000702c00000| Untracked 
|  17|0x0000000702d00000, 0x0000000702e00000, 0x0000000702e00000|100%| O|  |TAMS 0x0000000702d00000, 0x0000000702d00000| Untracked 
|  18|0x0000000702e00000, 0x0000000702e00000, 0x0000000702f00000|  0%| F|  |TAMS 0x0000000702e00000, 0x0000000702e00000| Untracked 
|  19|0x0000000702f00000, 0x0000000702f00000, 0x0000000703000000|  0%| F|  |TAMS 0x0000000702f00000, 0x0000000702f00000| Untracked 
|  20|0x0000000703000000, 0x0000000703000000, 0x0000000703100000|  0%| F|  |TAMS 0x0000000703000000, 0x0000000703000000| Untracked 
|  21|0x0000000703100000, 0x0000000703100000, 0x0000000703200000|  0%| F|  |TAMS 0x0000000703100000, 0x0000000703100000| Untracked 
|  22|0x0000000703200000, 0x0000000703200000, 0x0000000703300000|  0%| F|  |TAMS 0x0000000703200000, 0x0000000703200000| Untracked 
|  23|0x0000000703300000, 0x0000000703400000, 0x0000000703400000|100%| S|CS|TAMS 0x0000000703300000, 0x0000000703300000| Complete 
|  24|0x0000000703400000, 0x0000000703500000, 0x0000000703500000|100%| S|CS|TAMS 0x0000000703400000, 0x0000000703400000| Complete 
|  25|0x0000000703500000, 0x0000000703600000, 0x0000000703600000|100%| S|CS|TAMS 0x0000000703500000, 0x0000000703500000| Complete 
|  26|0x0000000703600000, 0x0000000703600000, 0x0000000703700000|  0%| F|  |TAMS 0x0000000703600000, 0x0000000703600000| Untracked 
|  27|0x0000000703700000, 0x0000000703700000, 0x0000000703800000|  0%| F|  |TAMS 0x0000000703700000, 0x0000000703700000| Untracked 
|  28|0x0000000703800000, 0x0000000703800000, 0x0000000703900000|  0%| F|  |TAMS 0x0000000703800000, 0x0000000703800000| Untracked 
|  29|0x0000000703900000, 0x0000000703900000, 0x0000000703a00000|  0%| F|  |TAMS 0x0000000703900000, 0x0000000703900000| Untracked 
|  30|0x0000000703a00000, 0x0000000703a00000, 0x0000000703b00000|  0%| F|  |TAMS 0x0000000703a00000, 0x0000000703a00000| Untracked 
|  31|0x0000000703b00000, 0x0000000703b00000, 0x0000000703c00000|  0%| F|  |TAMS 0x0000000703b00000, 0x0000000703b00000| Untracked 
|  32|0x0000000703c00000, 0x0000000703c00000, 0x0000000703d00000|  0%| F|  |TAMS 0x0000000703c00000, 0x0000000703c00000| Untracked 
|  33|0x0000000703d00000, 0x0000000703d00000, 0x0000000703e00000|  0%| F|  |TAMS 0x0000000703d00000, 0x0000000703d00000| Untracked 
|  34|0x0000000703e00000, 0x0000000703e00000, 0x0000000703f00000|  0%| F|  |TAMS 0x0000000703e00000, 0x0000000703e00000| Untracked 
|  35|0x0000000703f00000, 0x0000000703f00000, 0x0000000704000000|  0%| F|  |TAMS 0x0000000703f00000, 0x0000000703f00000| Untracked 
|  36|0x0000000704000000, 0x0000000704000000, 0x0000000704100000|  0%| F|  |TAMS 0x0000000704000000, 0x0000000704000000| Untracked 
|  37|0x0000000704100000, 0x0000000704100000, 0x0000000704200000|  0%| F|  |TAMS 0x0000000704100000, 0x0000000704100000| Untracked 
|  38|0x0000000704200000, 0x0000000704200000, 0x0000000704300000|  0%| F|  |TAMS 0x0000000704200000, 0x0000000704200000| Untracked 
|  39|0x0000000704300000, 0x0000000704300000, 0x0000000704400000|  0%| F|  |TAMS 0x0000000704300000, 0x0000000704300000| Untracked 
|  40|0x0000000704400000, 0x0000000704400000, 0x0000000704500000|  0%| F|  |TAMS 0x0000000704400000, 0x0000000704400000| Untracked 
|  41|0x0000000704500000, 0x0000000704500000, 0x0000000704600000|  0%| F|  |TAMS 0x0000000704500000, 0x0000000704500000| Untracked 
|  42|0x0000000704600000, 0x0000000704600000, 0x0000000704700000|  0%| F|  |TAMS 0x0000000704600000, 0x0000000704600000| Untracked 
|  43|0x0000000704700000, 0x0000000704700000, 0x0000000704800000|  0%| F|  |TAMS 0x0000000704700000, 0x0000000704700000| Untracked 
|  44|0x0000000704800000, 0x0000000704800000, 0x0000000704900000|  0%| F|  |TAMS 0x0000000704800000, 0x0000000704800000| Untracked 
|  45|0x0000000704900000, 0x0000000704900000, 0x0000000704a00000|  0%| F|  |TAMS 0x0000000704900000, 0x0000000704900000| Untracked 
|  46|0x0000000704a00000, 0x0000000704a00000, 0x0000000704b00000|  0%| F|  |TAMS 0x0000000704a00000, 0x0000000704a00000| Untracked 
|  47|0x0000000704b00000, 0x0000000704b00000, 0x0000000704c00000|  0%| F|  |TAMS 0x0000000704b00000, 0x0000000704b00000| Untracked 
|  48|0x0000000704c00000, 0x0000000704c00000, 0x0000000704d00000|  0%| F|  |TAMS 0x0000000704c00000, 0x0000000704c00000| Untracked 
|  49|0x0000000704d00000, 0x0000000704d00000, 0x0000000704e00000|  0%| F|  |TAMS 0x0000000704d00000, 0x0000000704d00000| Untracked 
|  50|0x0000000704e00000, 0x0000000704e00000, 0x0000000704f00000|  0%| F|  |TAMS 0x0000000704e00000, 0x0000000704e00000| Untracked 
|  51|0x0000000704f00000, 0x0000000704f00000, 0x0000000705000000|  0%| F|  |TAMS 0x0000000704f00000, 0x0000000704f00000| Untracked 
|  52|0x0000000705000000, 0x0000000705000000, 0x0000000705100000|  0%| F|  |TAMS 0x0000000705000000, 0x0000000705000000| Untracked 
|  53|0x0000000705100000, 0x0000000705100000, 0x0000000705200000|  0%| F|  |TAMS 0x0000000705100000, 0x0000000705100000| Untracked 
|  54|0x0000000705200000, 0x0000000705200000, 0x0000000705300000|  0%| F|  |TAMS 0x0000000705200000, 0x0000000705200000| Untracked 
|  55|0x0000000705300000, 0x0000000705300000, 0x0000000705400000|  0%| F|  |TAMS 0x0000000705300000, 0x0000000705300000| Untracked 
|  56|0x0000000705400000, 0x0000000705400000, 0x0000000705500000|  0%| F|  |TAMS 0x0000000705400000, 0x0000000705400000| Untracked 
|  57|0x0000000705500000, 0x0000000705500000, 0x0000000705600000|  0%| F|  |TAMS 0x0000000705500000, 0x0000000705500000| Untracked 
|  58|0x0000000705600000, 0x0000000705600000, 0x0000000705700000|  0%| F|  |TAMS 0x0000000705600000, 0x0000000705600000| Untracked 
|  59|0x0000000705700000, 0x0000000705700000, 0x0000000705800000|  0%| F|  |TAMS 0x0000000705700000, 0x0000000705700000| Untracked 
|  60|0x0000000705800000, 0x0000000705800000, 0x0000000705900000|  0%| F|  |TAMS 0x0000000705800000, 0x0000000705800000| Untracked 
|  61|0x0000000705900000, 0x0000000705900000, 0x0000000705a00000|  0%| F|  |TAMS 0x0000000705900000, 0x0000000705900000| Untracked 
|  62|0x0000000705a00000, 0x0000000705a00000, 0x0000000705b00000|  0%| F|  |TAMS 0x0000000705a00000, 0x0000000705a00000| Untracked 
|  63|0x0000000705b00000, 0x0000000705b00000, 0x0000000705c00000|  0%| F|  |TAMS 0x0000000705b00000, 0x0000000705b00000| Untracked 
|  64|0x0000000705c00000, 0x0000000705c00000, 0x0000000705d00000|  0%| F|  |TAMS 0x0000000705c00000, 0x0000000705c00000| Untracked 
|  65|0x0000000705d00000, 0x0000000705d00000, 0x0000000705e00000|  0%| F|  |TAMS 0x0000000705d00000, 0x0000000705d00000| Untracked 
|  66|0x0000000705e00000, 0x0000000705e00000, 0x0000000705f00000|  0%| F|  |TAMS 0x0000000705e00000, 0x0000000705e00000| Untracked 
|  67|0x0000000705f00000, 0x0000000705f00000, 0x0000000706000000|  0%| F|  |TAMS 0x0000000705f00000, 0x0000000705f00000| Untracked 
|  68|0x0000000706000000, 0x0000000706000000, 0x0000000706100000|  0%| F|  |TAMS 0x0000000706000000, 0x0000000706000000| Untracked 
|  69|0x0000000706100000, 0x0000000706100000, 0x0000000706200000|  0%| F|  |TAMS 0x0000000706100000, 0x0000000706100000| Untracked 
|  70|0x0000000706200000, 0x0000000706200000, 0x0000000706300000|  0%| F|  |TAMS 0x0000000706200000, 0x0000000706200000| Untracked 
|  71|0x0000000706300000, 0x0000000706300000, 0x0000000706400000|  0%| F|  |TAMS 0x0000000706300000, 0x0000000706300000| Untracked 
|  72|0x0000000706400000, 0x0000000706400000, 0x0000000706500000|  0%| F|  |TAMS 0x0000000706400000, 0x0000000706400000| Untracked 
|  73|0x0000000706500000, 0x0000000706500000, 0x0000000706600000|  0%| F|  |TAMS 0x0000000706500000, 0x0000000706500000| Untracked 
|  74|0x0000000706600000, 0x0000000706600000, 0x0000000706700000|  0%| F|  |TAMS 0x0000000706600000, 0x0000000706600000| Untracked 
|  75|0x0000000706700000, 0x0000000706700000, 0x0000000706800000|  0%| F|  |TAMS 0x0000000706700000, 0x0000000706700000| Untracked 
|  76|0x0000000706800000, 0x0000000706800000, 0x0000000706900000|  0%| F|  |TAMS 0x0000000706800000, 0x0000000706800000| Untracked 
|  77|0x0000000706900000, 0x0000000706900000, 0x0000000706a00000|  0%| F|  |TAMS 0x0000000706900000, 0x0000000706900000| Untracked 
|  78|0x0000000706a00000, 0x0000000706a00000, 0x0000000706b00000|  0%| F|  |TAMS 0x0000000706a00000, 0x0000000706a00000| Untracked 
|  79|0x0000000706b00000, 0x0000000706b00000, 0x0000000706c00000|  0%| F|  |TAMS 0x0000000706b00000, 0x0000000706b00000| Untracked 
|  80|0x0000000706c00000, 0x0000000706c00000, 0x0000000706d00000|  0%| F|  |TAMS 0x0000000706c00000, 0x0000000706c00000| Untracked 
|  81|0x0000000706d00000, 0x0000000706d00000, 0x0000000706e00000|  0%| F|  |TAMS 0x0000000706d00000, 0x0000000706d00000| Untracked 
|  82|0x0000000706e00000, 0x0000000706e00000, 0x0000000706f00000|  0%| F|  |TAMS 0x0000000706e00000, 0x0000000706e00000| Untracked 
|  83|0x0000000706f00000, 0x0000000706f00000, 0x0000000707000000|  0%| F|  |TAMS 0x0000000706f00000, 0x0000000706f00000| Untracked 
|  84|0x0000000707000000, 0x0000000707000000, 0x0000000707100000|  0%| F|  |TAMS 0x0000000707000000, 0x0000000707000000| Untracked 
|  85|0x0000000707100000, 0x0000000707100000, 0x0000000707200000|  0%| F|  |TAMS 0x0000000707100000, 0x0000000707100000| Untracked 
|  86|0x0000000707200000, 0x0000000707200000, 0x0000000707300000|  0%| F|  |TAMS 0x0000000707200000, 0x0000000707200000| Untracked 
|  87|0x0000000707300000, 0x0000000707300000, 0x0000000707400000|  0%| F|  |TAMS 0x0000000707300000, 0x0000000707300000| Untracked 
|  88|0x0000000707400000, 0x0000000707400000, 0x0000000707500000|  0%| F|  |TAMS 0x0000000707400000, 0x0000000707400000| Untracked 
|  89|0x0000000707500000, 0x0000000707500000, 0x0000000707600000|  0%| F|  |TAMS 0x0000000707500000, 0x0000000707500000| Untracked 
|  90|0x0000000707600000, 0x0000000707600000, 0x0000000707700000|  0%| F|  |TAMS 0x0000000707600000, 0x0000000707600000| Untracked 
|  91|0x0000000707700000, 0x0000000707700000, 0x0000000707800000|  0%| F|  |TAMS 0x0000000707700000, 0x0000000707700000| Untracked 
|  92|0x0000000707800000, 0x0000000707800000, 0x0000000707900000|  0%| F|  |TAMS 0x0000000707800000, 0x0000000707800000| Untracked 
|  93|0x0000000707900000, 0x0000000707900000, 0x0000000707a00000|  0%| F|  |TAMS 0x0000000707900000, 0x0000000707900000| Untracked 
|  94|0x0000000707a00000, 0x0000000707a00000, 0x0000000707b00000|  0%| F|  |TAMS 0x0000000707a00000, 0x0000000707a00000| Untracked 
|  95|0x0000000707b00000, 0x0000000707b00000, 0x0000000707c00000|  0%| F|  |TAMS 0x0000000707b00000, 0x0000000707b00000| Untracked 
|  96|0x0000000707c00000, 0x0000000707c00000, 0x0000000707d00000|  0%| F|  |TAMS 0x0000000707c00000, 0x0000000707c00000| Untracked 
|  97|0x0000000707d00000, 0x0000000707d00000, 0x0000000707e00000|  0%| F|  |TAMS 0x0000000707d00000, 0x0000000707d00000| Untracked 
|  98|0x0000000707e00000, 0x0000000707e00000, 0x0000000707f00000|  0%| F|  |TAMS 0x0000000707e00000, 0x0000000707e00000| Untracked 
|  99|0x0000000707f00000, 0x0000000707f00000, 0x0000000708000000|  0%| F|  |TAMS 0x0000000707f00000, 0x0000000707f00000| Untracked 
| 100|0x0000000708000000, 0x0000000708000000, 0x0000000708100000|  0%| F|  |TAMS 0x0000000708000000, 0x0000000708000000| Untracked 
| 101|0x0000000708100000, 0x0000000708100000, 0x0000000708200000|  0%| F|  |TAMS 0x0000000708100000, 0x0000000708100000| Untracked 
| 102|0x0000000708200000, 0x0000000708200000, 0x0000000708300000|  0%| F|  |TAMS 0x0000000708200000, 0x0000000708200000| Untracked 
| 103|0x0000000708300000, 0x0000000708300000, 0x0000000708400000|  0%| F|  |TAMS 0x0000000708300000, 0x0000000708300000| Untracked 
| 104|0x0000000708400000, 0x0000000708400000, 0x0000000708500000|  0%| F|  |TAMS 0x0000000708400000, 0x0000000708400000| Untracked 
| 105|0x0000000708500000, 0x0000000708500000, 0x0000000708600000|  0%| F|  |TAMS 0x0000000708500000, 0x0000000708500000| Untracked 
| 106|0x0000000708600000, 0x0000000708600000, 0x0000000708700000|  0%| F|  |TAMS 0x0000000708600000, 0x0000000708600000| Untracked 
| 107|0x0000000708700000, 0x0000000708700000, 0x0000000708800000|  0%| F|  |TAMS 0x0000000708700000, 0x0000000708700000| Untracked 
| 108|0x0000000708800000, 0x0000000708800000, 0x0000000708900000|  0%| F|  |TAMS 0x0000000708800000, 0x0000000708800000| Untracked 
| 109|0x0000000708900000, 0x0000000708900000, 0x0000000708a00000|  0%| F|  |TAMS 0x0000000708900000, 0x0000000708900000| Untracked 
| 110|0x0000000708a00000, 0x0000000708a00000, 0x0000000708b00000|  0%| F|  |TAMS 0x0000000708a00000, 0x0000000708a00000| Untracked 
| 111|0x0000000708b00000, 0x0000000708b00000, 0x0000000708c00000|  0%| F|  |TAMS 0x0000000708b00000, 0x0000000708b00000| Untracked 
| 112|0x0000000708c00000, 0x0000000708c00000, 0x0000000708d00000|  0%| F|  |TAMS 0x0000000708c00000, 0x0000000708c00000| Untracked 
| 113|0x0000000708d00000, 0x0000000708d00000, 0x0000000708e00000|  0%| F|  |TAMS 0x0000000708d00000, 0x0000000708d00000| Untracked 
| 114|0x0000000708e00000, 0x0000000708e00000, 0x0000000708f00000|  0%| F|  |TAMS 0x0000000708e00000, 0x0000000708e00000| Untracked 
| 115|0x0000000708f00000, 0x0000000708f00000, 0x0000000709000000|  0%| F|  |TAMS 0x0000000708f00000, 0x0000000708f00000| Untracked 
| 116|0x0000000709000000, 0x0000000709000000, 0x0000000709100000|  0%| F|  |TAMS 0x0000000709000000, 0x0000000709000000| Untracked 
| 117|0x0000000709100000, 0x0000000709100000, 0x0000000709200000|  0%| F|  |TAMS 0x0000000709100000, 0x0000000709100000| Untracked 
| 118|0x0000000709200000, 0x0000000709200000, 0x0000000709300000|  0%| F|  |TAMS 0x0000000709200000, 0x0000000709200000| Untracked 
| 119|0x0000000709300000, 0x0000000709300000, 0x0000000709400000|  0%| F|  |TAMS 0x0000000709300000, 0x0000000709300000| Untracked 
| 120|0x0000000709400000, 0x0000000709400000, 0x0000000709500000|  0%| F|  |TAMS 0x0000000709400000, 0x0000000709400000| Untracked 
| 121|0x0000000709500000, 0x0000000709500000, 0x0000000709600000|  0%| F|  |TAMS 0x0000000709500000, 0x0000000709500000| Untracked 
| 122|0x0000000709600000, 0x0000000709600000, 0x0000000709700000|  0%| F|  |TAMS 0x0000000709600000, 0x0000000709600000| Untracked 
| 123|0x0000000709700000, 0x0000000709780800, 0x0000000709800000| 50%| E|  |TAMS 0x0000000709700000, 0x0000000709700000| Complete 
| 124|0x0000000709800000, 0x0000000709900000, 0x0000000709900000|100%| E|CS|TAMS 0x0000000709800000, 0x0000000709800000| Complete 
| 125|0x0000000709900000, 0x0000000709a00000, 0x0000000709a00000|100%| E|CS|TAMS 0x0000000709900000, 0x0000000709900000| Complete 
| 126|0x0000000709a00000, 0x0000000709b00000, 0x0000000709b00000|100%| E|CS|TAMS 0x0000000709a00000, 0x0000000709a00000| Complete 
| 127|0x0000000709b00000, 0x0000000709c00000, 0x0000000709c00000|100%| E|CS|TAMS 0x0000000709b00000, 0x0000000709b00000| Complete 
| 128|0x0000000709c00000, 0x0000000709d00000, 0x0000000709d00000|100%| E|CS|TAMS 0x0000000709c00000, 0x0000000709c00000| Complete 
| 129|0x0000000709d00000, 0x0000000709e00000, 0x0000000709e00000|100%| E|CS|TAMS 0x0000000709d00000, 0x0000000709d00000| Complete 
| 130|0x0000000709e00000, 0x0000000709f00000, 0x0000000709f00000|100%| E|CS|TAMS 0x0000000709e00000, 0x0000000709e00000| Complete 
| 131|0x0000000709f00000, 0x000000070a000000, 0x000000070a000000|100%| E|CS|TAMS 0x0000000709f00000, 0x0000000709f00000| Complete 
| 132|0x000000070a000000, 0x000000070a100000, 0x000000070a100000|100%| E|CS|TAMS 0x000000070a000000, 0x000000070a000000| Complete 
| 133|0x000000070a100000, 0x000000070a200000, 0x000000070a200000|100%| E|CS|TAMS 0x000000070a100000, 0x000000070a100000| Complete 
| 134|0x000000070a200000, 0x000000070a300000, 0x000000070a300000|100%| E|CS|TAMS 0x000000070a200000, 0x000000070a200000| Complete 
| 135|0x000000070a300000, 0x000000070a400000, 0x000000070a400000|100%| E|CS|TAMS 0x000000070a300000, 0x000000070a300000| Complete 
| 136|0x000000070a400000, 0x000000070a500000, 0x000000070a500000|100%| E|CS|TAMS 0x000000070a400000, 0x000000070a400000| Complete 
| 137|0x000000070a500000, 0x000000070a600000, 0x000000070a600000|100%| E|CS|TAMS 0x000000070a500000, 0x000000070a500000| Complete 
| 138|0x000000070a600000, 0x000000070a700000, 0x000000070a700000|100%| E|CS|TAMS 0x000000070a600000, 0x000000070a600000| Complete 
| 139|0x000000070a700000, 0x000000070a800000, 0x000000070a800000|100%| E|CS|TAMS 0x000000070a700000, 0x000000070a700000| Complete 
| 180|0x000000070d000000, 0x000000070d100000, 0x000000070d100000|100%| E|CS|TAMS 0x000000070d000000, 0x000000070d000000| Complete 
| 181|0x000000070d100000, 0x000000070d200000, 0x000000070d200000|100%| E|CS|TAMS 0x000000070d100000, 0x000000070d100000| Complete 
| 182|0x000000070d200000, 0x000000070d300000, 0x000000070d300000|100%| E|CS|TAMS 0x000000070d200000, 0x000000070d200000| Complete 
| 183|0x000000070d300000, 0x000000070d400000, 0x000000070d400000|100%| E|CS|TAMS 0x000000070d300000, 0x000000070d300000| Complete 
| 184|0x000000070d400000, 0x000000070d500000, 0x000000070d500000|100%| E|CS|TAMS 0x000000070d400000, 0x000000070d400000| Complete 
| 185|0x000000070d500000, 0x000000070d600000, 0x000000070d600000|100%| E|CS|TAMS 0x000000070d500000, 0x000000070d500000| Complete 
| 186|0x000000070d600000, 0x000000070d700000, 0x000000070d700000|100%| E|CS|TAMS 0x000000070d600000, 0x000000070d600000| Complete 
| 255|0x0000000711b00000, 0x0000000711c00000, 0x0000000711c00000|100%| E|CS|TAMS 0x0000000711b00000, 0x0000000711b00000| Complete 

Card table byte_map: [0x000001e7df560000,0x000001e7dfd60000] _byte_map_base: 0x000001e7dbd52000

Marking Bits (Prev, Next): (CMBitMap*) 0x000001e7c73037e8, (CMBitMap*) 0x000001e7c73037a8
 Prev Bits: [0x000001e7e44f0000, 0x000001e7e8480000)
 Next Bits: [0x000001e7e0560000, 0x000001e7e44f0000)

Polling page: 0x000001e7c50d0000

Metaspace:

Usage:
  Non-class:     21.85 MB capacity,    21.32 MB ( 98%) used,   489.77 KB (  2%) free+waste,    56.69 KB ( <1%) overhead. 
      Class:      3.01 MB capacity,     2.73 MB ( 91%) used,   259.05 KB (  8%) free+waste,    25.38 KB ( <1%) overhead. 
       Both:     24.86 MB capacity,    24.05 MB ( 97%) used,   748.81 KB (  3%) free+waste,    82.06 KB ( <1%) overhead. 

Virtual space:
  Non-class space:       22.00 MB reserved,      21.92 MB (>99%) committed 
      Class space:        1.00 GB reserved,       3.13 MB ( <1%) committed 
             Both:        1.02 GB reserved,      25.05 MB (  2%) committed 

Chunk freelists:
   Non-Class:  9.00 KB
       Class:  0 bytes
        Both:  9.00 KB

MaxMetaspaceSize: 17179869184.00 GB
CompressedClassSpaceSize: 1.00 GB

CodeHeap 'non-profiled nmethods': size=120000Kb used=2847Kb max_used=2847Kb free=117152Kb
 bounds [0x000001e7d7500000, 0x000001e7d77d0000, 0x000001e7dea30000]
CodeHeap 'profiled nmethods': size=120000Kb used=14081Kb max_used=14081Kb free=105918Kb
 bounds [0x000001e7cffd0000, 0x000001e7d0da0000, 0x000001e7d7500000]
CodeHeap 'non-nmethods': size=5760Kb used=1201Kb max_used=1262Kb free=4558Kb
 bounds [0x000001e7cfa30000, 0x000001e7cfca0000, 0x000001e7cffd0000]
 total_blobs=7847 nmethods=5618 adapters=371
 compilation: enabled
              stopped_count=0, restarted_count=0
 full_count=0

Compilation events (20 events):
Event: 3.859 Thread 0x000001e7eb8cb000 5606       4       java.util.stream.Sink::end (1 bytes)
Event: 3.859 Thread 0x000001e7eb8cb000 nmethod 5606 0x000001e7d77c1c90 code [0x000001e7d77c1e00, 0x000001e7d77c1e78]
Event: 3.860 Thread 0x000001e7eb8cb000 5607       4       com.sun.tools.javac.comp.DeferredAttr$DeferredAttrContext::<init> (55 bytes)
Event: 3.861 Thread 0x000001e7ecd78800 5608       4       java.util.stream.Sink$ChainedReference::end (10 bytes)
Event: 3.862 Thread 0x000001e7ecd78800 nmethod 5608 0x000001e7d77c1f90 code [0x000001e7d77c2100, 0x000001e7d77c2198]
Event: 3.862 Thread 0x000001e7ec05d000 nmethod 5572 0x000001e7d77c2290 code [0x000001e7d77c2740, 0x000001e7d77c4530]
Event: 3.863 Thread 0x000001e7ecd78800 5610   !   4       com.sun.tools.javac.code.Types$MembersClosureCache::visitClassType (216 bytes)
Event: 3.863 Thread 0x000001e7ec05d000 5609       4       com.sun.tools.javac.code.Types$MembersClosureCache::visitClassType (10 bytes)
Event: 3.871 Thread 0x000001e7eb8cb000 nmethod 5607 0x000001e7d77c5210 code [0x000001e7d77c53a0, 0x000001e7d77c5d98]
Event: 3.871 Thread 0x000001e7eb8cb000 5613       4       com.sun.tools.javac.util.Iterators$CompoundIterator::hasNext (36 bytes)
Event: 3.876 Thread 0x000001e7eb8cb000 nmethod 5613 0x000001e7d77c5e90 code [0x000001e7d77c6060, 0x000001e7d77c6418]
Event: 3.877 Thread 0x000001e7eb8cb000 5614       4       com.sun.tools.javac.comp.Attr::enclosingInitEnv (118 bytes)
Event: 3.881 Thread 0x000001e7eb8cb000 nmethod 5614 0x000001e7d77c6610 code [0x000001e7d77c6860, 0x000001e7d77c6c38]
Event: 3.881 Thread 0x000001e7eb8cb000 5620       4       com.sun.tools.javac.comp.Flow$AssignAnalyzer::scan (6 bytes)
Event: 3.881 Thread 0x000001e7eb8cc000 nmethod 5592 0x000001e7d0d58c10 code [0x000001e7d0d5ac60, 0x000001e7d0d74fc8]
Event: 3.882 Thread 0x000001e7eb8cc000 5594   !   3       com.sun.tools.javac.comp.Flow$AliveAnalyzer::visitMethodDef (241 bytes)
Event: 3.882 Thread 0x000001e7eb8cb000 nmethod 5620 0x000001e7d77c6f10 code [0x000001e7d77c70a0, 0x000001e7d77c7178]
Event: 3.882 Thread 0x000001e7eb8cb000 5619       4       com.sun.tools.javac.tree.JCTree$JCReturn::accept (6 bytes)
Event: 3.883 Thread 0x000001e7eb8cb000 nmethod 5619 0x000001e7d77c7290 code [0x000001e7d77c7400, 0x000001e7d77c7498]
Event: 3.883 Thread 0x000001e7eb8cb000 5612       4       com.sun.tools.javac.code.Symbol::isStatic (65 bytes)

GC Heap History (10 events):
Event: 0.446 GC heap before
{Heap before GC invocations=0 (full 0):
 garbage-first heap   total 262144K, used 23552K [0x0000000701c00000, 0x0000000800000000)
  region size 1024K, 23 young (23552K), 0 survivors (0K)
 Metaspace       used 4752K, capacity 7515K, committed 7552K, reserved 1056768K
  class space    used 602K, capacity 892K, committed 896K, reserved 1048576K
}
Event: 0.449 GC heap after
{Heap after GC invocations=1 (full 0):
 garbage-first heap   total 262144K, used 3345K [0x0000000701c00000, 0x0000000800000000)
  region size 1024K, 3 young (3072K), 3 survivors (3072K)
 Metaspace       used 4752K, capacity 7515K, committed 7552K, reserved 1056768K
  class space    used 602K, capacity 892K, committed 896K, reserved 1048576K
}
Event: 1.056 GC heap before
{Heap before GC invocations=1 (full 0):
 garbage-first heap   total 262144K, used 35089K [0x0000000701c00000, 0x0000000800000000)
  region size 1024K, 34 young (34816K), 3 survivors (3072K)
 Metaspace       used 10431K, capacity 12506K, committed 12672K, reserved 1060864K
  class space    used 1313K, capacity 1561K, committed 1664K, reserved 1048576K
}
Event: 1.063 GC heap after
{Heap after GC invocations=2 (full 0):
 garbage-first heap   total 262144K, used 5422K [0x0000000701c00000, 0x0000000800000000)
  region size 1024K, 3 young (3072K), 3 survivors (3072K)
 Metaspace       used 10431K, capacity 12506K, committed 12672K, reserved 1060864K
  class space    used 1313K, capacity 1561K, committed 1664K, reserved 1048576K
}
Event: 2.522 GC heap before
{Heap before GC invocations=2 (full 0):
 garbage-first heap   total 262144K, used 71982K [0x0000000701c00000, 0x0000000800000000)
  region size 1024K, 69 young (70656K), 3 survivors (3072K)
 Metaspace       used 19913K, capacity 21128K, committed 21296K, reserved 1069056K
  class space    used 2394K, capacity 2611K, committed 2688K, reserved 1048576K
}
Event: 2.529 GC heap after
{Heap after GC invocations=3 (full 0):
 garbage-first heap   total 262144K, used 10064K [0x0000000701c00000, 0x0000000800000000)
  region size 1024K, 7 young (7168K), 7 survivors (7168K)
 Metaspace       used 19913K, capacity 21128K, committed 21296K, reserved 1069056K
  class space    used 2394K, capacity 2611K, committed 2688K, reserved 1048576K
}
Event: 2.843 GC heap before
{Heap before GC invocations=4 (full 0):
 garbage-first heap   total 40960K, used 27472K [0x0000000701c00000, 0x0000000800000000)
  region size 1024K, 24 young (24576K), 7 survivors (7168K)
 Metaspace       used 21958K, capacity 22843K, committed 22960K, reserved 1069056K
  class space    used 2578K, capacity 2799K, committed 2816K, reserved 1048576K
}
Event: 2.853 GC heap after
{Heap after GC invocations=5 (full 0):
 garbage-first heap   total 40960K, used 14054K [0x0000000701c00000, 0x0000000800000000)
  region size 1024K, 3 young (3072K), 3 survivors (3072K)
 Metaspace       used 21958K, capacity 22843K, committed 22960K, reserved 1069056K
  class space    used 2578K, capacity 2799K, committed 2816K, reserved 1048576K
}
Event: 2.989 GC heap before
{Heap before GC invocations=5 (full 0):
 garbage-first heap   total 40960K, used 28390K [0x0000000701c00000, 0x0000000800000000)
  region size 1024K, 17 young (17408K), 3 survivors (3072K)
 Metaspace       used 22286K, capacity 23200K, committed 23472K, reserved 1071104K
  class space    used 2588K, capacity 2807K, committed 2816K, reserved 1048576K
}
Event: 3.000 GC heap after
{Heap after GC invocations=6 (full 0):
 garbage-first heap   total 151552K, used 17505K [0x0000000701c00000, 0x0000000800000000)
  region size 1024K, 3 young (3072K), 3 survivors (3072K)
 Metaspace       used 22286K, capacity 23200K, committed 23472K, reserved 1071104K
  class space    used 2588K, capacity 2807K, committed 2816K, reserved 1048576K
}

Deoptimization events (20 events):
Event: 3.810 Thread 0x000001e7c729b000 Uncommon trap: trap_request=0xffffff45 fr.pc=0x000001e7d77831a0 relative=0x0000000000000100
Event: 3.810 Thread 0x000001e7c729b000 Uncommon trap: reason=unstable_if action=reinterpret pc=0x000001e7d77831a0 method=com.sun.tools.javac.code.Symbol$VarSymbol.getConstValue()Ljava/lang/Object; @ 17 c2
Event: 3.810 Thread 0x000001e7c729b000 DEOPT PACKING pc=0x000001e7d77831a0 sp=0x0000002e2d7fb700
Event: 3.810 Thread 0x000001e7c729b000 DEOPT UNPACKING pc=0x000001e7cfa7912f sp=0x0000002e2d7fb680 mode 2
Event: 3.838 Thread 0x000001e7c729b000 Uncommon trap: trap_request=0xffffffde fr.pc=0x000001e7d751d968 relative=0x00000000000001c8
Event: 3.838 Thread 0x000001e7c729b000 Uncommon trap: reason=class_check action=maybe_recompile pc=0x000001e7d751d968 method=java.lang.String.equals(Ljava/lang/Object;)Z @ 8 c2
Event: 3.838 Thread 0x000001e7c729b000 DEOPT PACKING pc=0x000001e7d751d968 sp=0x0000002e2d7fc720
Event: 3.838 Thread 0x000001e7c729b000 DEOPT UNPACKING pc=0x000001e7cfa7912f sp=0x0000002e2d7fc6b8 mode 2
Event: 3.838 Thread 0x000001e7c729b000 Uncommon trap: trap_request=0xffffffde fr.pc=0x000001e7d751d968 relative=0x00000000000001c8
Event: 3.838 Thread 0x000001e7c729b000 Uncommon trap: reason=class_check action=maybe_recompile pc=0x000001e7d751d968 method=java.lang.String.equals(Ljava/lang/Object;)Z @ 8 c2
Event: 3.838 Thread 0x000001e7c729b000 DEOPT PACKING pc=0x000001e7d751d968 sp=0x0000002e2d7fc6a0
Event: 3.838 Thread 0x000001e7c729b000 DEOPT UNPACKING pc=0x000001e7cfa7912f sp=0x0000002e2d7fc638 mode 2
Event: 3.860 Thread 0x000001e7c729b000 Uncommon trap: trap_request=0xffffffde fr.pc=0x000001e7d77bbc5c relative=0x00000000000026fc
Event: 3.860 Thread 0x000001e7c729b000 Uncommon trap: reason=class_check action=maybe_recompile pc=0x000001e7d77bbc5c method=com.sun.tools.javac.code.Types.capture(Lcom/sun/tools/javac/code/Type;)Lcom/sun/tools/javac/code/Type; @ 181 c2
Event: 3.860 Thread 0x000001e7c729b000 DEOPT PACKING pc=0x000001e7d77bbc5c sp=0x0000002e2d7fc2c0
Event: 3.860 Thread 0x000001e7c729b000 DEOPT UNPACKING pc=0x000001e7cfa7912f sp=0x0000002e2d7fc280 mode 2
Event: 3.860 Thread 0x000001e7c729b000 Uncommon trap: trap_request=0xffffffde fr.pc=0x000001e7d77bbc5c relative=0x00000000000026fc
Event: 3.860 Thread 0x000001e7c729b000 Uncommon trap: reason=class_check action=maybe_recompile pc=0x000001e7d77bbc5c method=com.sun.tools.javac.code.Types.capture(Lcom/sun/tools/javac/code/Type;)Lcom/sun/tools/javac/code/Type; @ 181 c2
Event: 3.860 Thread 0x000001e7c729b000 DEOPT PACKING pc=0x000001e7d77bbc5c sp=0x0000002e2d7fc2c0
Event: 3.860 Thread 0x000001e7c729b000 DEOPT UNPACKING pc=0x000001e7cfa7912f sp=0x0000002e2d7fc280 mode 2

Classes unloaded (0 events):
No events

Classes redefined (0 events):
No events

Internal exceptions (20 events):
Event: 3.765 Thread 0x000001e7c729b000 Exception <a 'sun/nio/fs/WindowsException'{0x0000000709d7e140}> (0x0000000709d7e140) 
thrown [./open/src/hotspot/share/prims/jni.cpp, line 599]
Event: 3.765 Thread 0x000001e7c729b000 Exception <a 'sun/nio/fs/WindowsException'{0x0000000709d7e3d8}> (0x0000000709d7e3d8) 
thrown [./open/src/hotspot/share/prims/jni.cpp, line 599]
Event: 3.766 Thread 0x000001e7c729b000 Exception <a 'sun/nio/fs/WindowsException'{0x0000000709d7f7c0}> (0x0000000709d7f7c0) 
thrown [./open/src/hotspot/share/prims/jni.cpp, line 599]
Event: 3.766 Thread 0x000001e7c729b000 Exception <a 'sun/nio/fs/WindowsException'{0x0000000709d7fa00}> (0x0000000709d7fa00) 
thrown [./open/src/hotspot/share/prims/jni.cpp, line 599]
Event: 3.766 Thread 0x000001e7c729b000 Exception <a 'sun/nio/fs/WindowsException'{0x0000000709d81220}> (0x0000000709d81220) 
thrown [./open/src/hotspot/share/prims/jni.cpp, line 599]
Event: 3.766 Thread 0x000001e7c729b000 Exception <a 'sun/nio/fs/WindowsException'{0x0000000709d814b0}> (0x0000000709d814b0) 
thrown [./open/src/hotspot/share/prims/jni.cpp, line 599]
Event: 3.766 Thread 0x000001e7c729b000 Exception <a 'sun/nio/fs/WindowsException'{0x0000000709d828f8}> (0x0000000709d828f8) 
thrown [./open/src/hotspot/share/prims/jni.cpp, line 599]
Event: 3.766 Thread 0x000001e7c729b000 Exception <a 'sun/nio/fs/WindowsException'{0x0000000709d82c18}> (0x0000000709d82c18) 
thrown [./open/src/hotspot/share/prims/jni.cpp, line 599]
Event: 3.767 Thread 0x000001e7c729b000 Exception <a 'sun/nio/fs/WindowsException'{0x0000000709da2498}> (0x0000000709da2498) 
thrown [./open/src/hotspot/share/prims/jni.cpp, line 599]
Event: 3.767 Thread 0x000001e7c729b000 Exception <a 'sun/nio/fs/WindowsException'{0x0000000709da2728}> (0x0000000709da2728) 
thrown [./open/src/hotspot/share/prims/jni.cpp, line 599]
Event: 3.768 Thread 0x000001e7c729b000 Exception <a 'sun/nio/fs/WindowsException'{0x0000000709da3b00}> (0x0000000709da3b00) 
thrown [./open/src/hotspot/share/prims/jni.cpp, line 599]
Event: 3.768 Thread 0x000001e7c729b000 Exception <a 'sun/nio/fs/WindowsException'{0x0000000709da3d40}> (0x0000000709da3d40) 
thrown [./open/src/hotspot/share/prims/jni.cpp, line 599]
Event: 3.768 Thread 0x000001e7c729b000 Exception <a 'sun/nio/fs/WindowsException'{0x0000000709da52e8}> (0x0000000709da52e8) 
thrown [./open/src/hotspot/share/prims/jni.cpp, line 599]
Event: 3.768 Thread 0x000001e7c729b000 Exception <a 'sun/nio/fs/WindowsException'{0x0000000709da5570}> (0x0000000709da5570) 
thrown [./open/src/hotspot/share/prims/jni.cpp, line 599]
Event: 3.768 Thread 0x000001e7c729b000 Exception <a 'sun/nio/fs/WindowsException'{0x0000000709da69a0}> (0x0000000709da69a0) 
thrown [./open/src/hotspot/share/prims/jni.cpp, line 599]
Event: 3.768 Thread 0x000001e7c729b000 Exception <a 'sun/nio/fs/WindowsException'{0x0000000709da6cb0}> (0x0000000709da6cb0) 
thrown [./open/src/hotspot/share/prims/jni.cpp, line 599]
Event: 3.839 Thread 0x000001e7c729b000 Exception <a 'sun/nio/fs/WindowsException'{0x0000000709926030}> (0x0000000709926030) 
thrown [./open/src/hotspot/share/prims/jni.cpp, line 599]
Event: 3.841 Thread 0x000001e7c729b000 Exception <a 'sun/nio/fs/WindowsException'{0x0000000709934fc8}> (0x0000000709934fc8) 
thrown [./open/src/hotspot/share/prims/jni.cpp, line 599]
Event: 3.845 Thread 0x000001e7c729b000 Exception <a 'sun/nio/fs/WindowsException'{0x000000070995e188}> (0x000000070995e188) 
thrown [./open/src/hotspot/share/prims/jni.cpp, line 599]
Event: 3.849 Thread 0x000001e7c729b000 Exception <a 'sun/nio/fs/WindowsException'{0x0000000709980c28}> (0x0000000709980c28) 
thrown [./open/src/hotspot/share/prims/jni.cpp, line 599]

Events (20 events):
Event: 3.364 Executing VM operation: ICBufferFull
Event: 3.364 Executing VM operation: ICBufferFull done
Event: 3.442 Executing VM operation: ICBufferFull
Event: 3.442 Executing VM operation: ICBufferFull done
Event: 3.545 Executing VM operation: ICBufferFull
Event: 3.546 Executing VM operation: ICBufferFull done
Event: 3.549 Executing VM operation: HandshakeAllThreads
Event: 3.549 Executing VM operation: HandshakeAllThreads done
Event: 3.613 Executing VM operation: ICBufferFull
Event: 3.613 Executing VM operation: ICBufferFull done
Event: 3.721 Executing VM operation: ICBufferFull
Event: 3.722 Executing VM operation: ICBufferFull done
Event: 3.825 Executing VM operation: ICBufferFull
Event: 3.826 Executing VM operation: ICBufferFull done
Event: 3.870 Executing VM operation: HandshakeAllThreads
Event: 3.870 Executing VM operation: HandshakeAllThreads done
Event: 3.881 Executing VM operation: ICBufferFull
Event: 3.882 Executing VM operation: ICBufferFull done
Event: 3.883 Executing VM operation: HandshakeAllThreads
Event: 3.883 Executing VM operation: HandshakeAllThreads done


Dynamic libraries:
0x00007ff7f85c0000 - 0x00007ff7f85cd000 	C:\jdk-14.0.1\bin\java.exe
0x00007ffbb9dc0000 - 0x00007ffbb9fb0000 	C:\Windows\SYSTEM32\ntdll.dll
0x00007ffbb9750000 - 0x00007ffbb9802000 	C:\Windows\System32\KERNEL32.DLL
0x00007ffbb6f60000 - 0x00007ffbb7205000 	C:\Windows\System32\KERNELBASE.dll
0x00007ffbb6e10000 - 0x00007ffbb6f0a000 	C:\Windows\System32\ucrtbase.dll
0x00007ffbb0f60000 - 0x00007ffbb0f78000 	C:\jdk-14.0.1\bin\jli.dll
0x00007ffbb0790000 - 0x00007ffbb07a5000 	C:\jdk-14.0.1\bin\VCRUNTIME140.dll
0x00007ffbb9530000 - 0x00007ffbb96c4000 	C:\Windows\System32\USER32.dll
0x00007ffbb7c30000 - 0x00007ffbb7c51000 	C:\Windows\System32\win32u.dll
0x00007ffba5c20000 - 0x00007ffba5ea4000 	C:\Windows\WinSxS\amd64_microsoft.windows.common-controls_6595b64144ccf1df_6.0.18362.1556_none_9e7e372fe45e41d5\COMCTL32.dll
0x00007ffbb88f0000 - 0x00007ffbb8916000 	C:\Windows\System32\GDI32.dll
0x00007ffbb7fd0000 - 0x00007ffbb806e000 	C:\Windows\System32\msvcrt.dll
0x00007ffbb7a90000 - 0x00007ffbb7c28000 	C:\Windows\System32\gdi32full.dll
0x00007ffbb8920000 - 0x00007ffbb8c56000 	C:\Windows\System32\combase.dll
0x00007ffbb7990000 - 0x00007ffbb7a2e000 	C:\Windows\System32\msvcp_win.dll
0x00007ffbb9360000 - 0x00007ffbb947f000 	C:\Windows\System32\RPCRT4.dll
0x00007ffbb6d30000 - 0x00007ffbb6db1000 	C:\Windows\System32\bcryptPrimitives.dll
0x00007ffbb7e70000 - 0x00007ffbb7e9e000 	C:\Windows\System32\IMM32.DLL
0x00007ffbaf250000 - 0x00007ffbaf2eb000 	C:\jdk-14.0.1\bin\msvcp140.dll
0x00007ffb7f900000 - 0x00007ffb8041e000 	C:\jdk-14.0.1\bin\server\jvm.dll
0x00007ffbb8840000 - 0x00007ffbb88e3000 	C:\Windows\System32\ADVAPI32.dll
0x00007ffbb8c70000 - 0x00007ffbb8d07000 	C:\Windows\System32\sechost.dll
0x00007ffbb8c60000 - 0x00007ffbb8c68000 	C:\Windows\System32\PSAPI.DLL
0x00007ffbb3200000 - 0x00007ffbb3209000 	C:\Windows\SYSTEM32\WSOCK32.dll
0x00007ffbb4860000 - 0x00007ffbb4884000 	C:\Windows\SYSTEM32\WINMM.dll
0x00007ffbb9160000 - 0x00007ffbb91cf000 	C:\Windows\System32\WS2_32.dll
0x00007ffbad8d0000 - 0x00007ffbad8da000 	C:\Windows\SYSTEM32\VERSION.dll
0x00007ffbb4830000 - 0x00007ffbb485d000 	C:\Windows\SYSTEM32\winmmbase.dll
0x00007ffbb6dc0000 - 0x00007ffbb6e0a000 	C:\Windows\System32\cfgmgr32.dll
0x00007ffbb6d10000 - 0x00007ffbb6d21000 	C:\Windows\System32\kernel.appcore.dll
0x00007ffbb0f50000 - 0x00007ffbb0f5a000 	C:\jdk-14.0.1\bin\jimage.dll
0x00007ffbad080000 - 0x00007ffbad274000 	C:\Windows\SYSTEM32\DBGHELP.DLL
0x00007ffb9cb60000 - 0x00007ffb9cb8a000 	C:\Windows\SYSTEM32\dbgcore.DLL
0x00007ffbb0760000 - 0x00007ffbb0785000 	C:\jdk-14.0.1\bin\java.dll
0x00007ffbafc00000 - 0x00007ffbafc16000 	C:\jdk-14.0.1\bin\zip.dll
0x00007ffbb8150000 - 0x00007ffbb8837000 	C:\Windows\System32\SHELL32.dll
0x00007ffbb9480000 - 0x00007ffbb9528000 	C:\Windows\System32\shcore.dll
0x00007ffbb7210000 - 0x00007ffbb798b000 	C:\Windows\System32\windows.storage.dll
0x00007ffbb6cd0000 - 0x00007ffbb6cee000 	C:\Windows\System32\profapi.dll
0x00007ffbb6c80000 - 0x00007ffbb6cca000 	C:\Windows\System32\powrprof.dll
0x00007ffbb6c70000 - 0x00007ffbb6c80000 	C:\Windows\System32\UMPDC.dll
0x00007ffbb8070000 - 0x00007ffbb80c2000 	C:\Windows\System32\shlwapi.dll
0x00007ffbb6f10000 - 0x00007ffbb6f27000 	C:\Windows\System32\cryptsp.dll
0x00007ffbaf8a0000 - 0x00007ffbaf8b9000 	C:\jdk-14.0.1\bin\net.dll
0x00007ffbad8e0000 - 0x00007ffbad9da000 	C:\Windows\SYSTEM32\WINHTTP.dll
0x00007ffbb64b0000 - 0x00007ffbb6517000 	C:\Windows\system32\mswsock.dll
0x00007ffbaf230000 - 0x00007ffbaf242000 	C:\jdk-14.0.1\bin\nio.dll
0x00007ffbb1000000 - 0x00007ffbb1010000 	C:\jdk-14.0.1\bin\verify.dll

dbghelp: loaded successfully - version: 4.0.5 - missing functions: none
symbol engine: initialized successfully - sym options: 0x614 - pdb path: .;C:\jdk-14.0.1\bin;C:\Windows\SYSTEM32;C:\Windows\WinSxS\amd64_microsoft.windows.common-controls_6595b64144ccf1df_6.0.18362.1556_none_9e7e372fe45e41d5;C:\jdk-14.0.1\bin\server

VM Arguments:
jvm_args: -Dclassworlds.conf=C:\apache-maven-3.3.9\bin\..\bin\m2.conf -Dmaven.home=C:\apache-maven-3.3.9\bin\.. -Dmaven.multiModuleProjectDirectory=c:\dependencies\nova\core 
java_command: org.codehaus.plexus.classworlds.launcher.Launcher clean install
java_class_path (initial): C:\apache-maven-3.3.9\bin\..\boot\plexus-classworlds-2.5.2.jar
Launcher Type: SUN_STANDARD

[Global flags]
     intx CICompilerCount                          = 4                                         {product} {ergonomic}
     uint ConcGCThreads                            = 2                                         {product} {ergonomic}
     uint G1ConcRefinementThreads                  = 8                                         {product} {ergonomic}
   size_t G1HeapRegionSize                         = 1048576                                   {product} {ergonomic}
    uintx GCDrainStackTargetSize                   = 64                                        {product} {ergonomic}
   size_t InitialHeapSize                          = 268435456                                 {product} {ergonomic}
   size_t MarkStackSize                            = 4194304                                   {product} {ergonomic}
   size_t MaxHeapSize                              = 4265607168                                {product} {ergonomic}
   size_t MaxNewSize                               = 2558525440                                {product} {ergonomic}
   size_t MinHeapDeltaBytes                        = 1048576                                   {product} {ergonomic}
   size_t MinHeapSize                              = 8388608                                   {product} {ergonomic}
    uintx NonNMethodCodeHeapSize                   = 5839372                                {pd product} {ergonomic}
    uintx NonProfiledCodeHeapSize                  = 122909434                              {pd product} {ergonomic}
    uintx ProfiledCodeHeapSize                     = 122909434                              {pd product} {ergonomic}
    uintx ReservedCodeCacheSize                    = 251658240                              {pd product} {ergonomic}
     bool SegmentedCodeCache                       = true                                      {product} {ergonomic}
   size_t SoftMaxHeapSize                          = 4265607168                             {manageable} {ergonomic}
     bool UseCompressedClassPointers               = true                                 {lp64_product} {ergonomic}
     bool UseCompressedOops                        = true                                 {lp64_product} {ergonomic}
     bool UseG1GC                                  = true                                      {product} {ergonomic}
     bool UseLargePagesIndividualAllocation        = false                                  {pd product} {ergonomic}

Logging:
Log output configuration:
 #0: stdout all=warning uptime,level,tags
 #1: stderr all=off uptime,level,tags

Environment Variables:
JAVA_HOME=C:\jdk-14.0.1
PATH=C:/jdk-14.0.1/bin/server;C:/jdk-14.0.1/bin;Z:\Program Files\ImageMagick-7.0.11-Q8;Z:\Program Files\dotnet\;C:\Program Files (x86)\dotnet\;C:\jdk-14.0.1\bin;C:\apache-maven-3.3.9\bin;Z:\Program Files\Git\bin;C:\evolve\tools;C:\Program Files\nodejs\;c:\windows;c:\windows\system32;c:\windows\system;Z:\Program Files\7-Zip;Z:\Programs\OpenSSL-Win64\bin;C:\Users\Andrew\AppData\Local\Microsoft\WindowsApps;z:\Programs Files\Microsoft VS Code\bin;C:\Users\Andrew\AppData\Roaming\npm;C:\Users\Andrew\AppData\Local\GitHubDesktop\bin;C:\Windows\system32;
USERNAME=Andrew
OS=Windows_NT
PROCESSOR_IDENTIFIER=Intel64 Family 6 Model 158 Stepping 9, GenuineIntel



---------------  S Y S T E M  ---------------

OS: Windows 10 , 64 bit Build 18362 (10.0.18362.1500)
OS uptime: 10 days 10:34 hours

CPU:total 8 (initial active 8) (4 cores per cpu, 2 threads per core) family 6 model 158 stepping 9, cmov, cx8, fxsr, mmx, sse, sse2, sse3, ssse3, sse4.1, sse4.2, popcnt, avx, avx2, aes, clmul, erms, 3dnowpref, lzcnt, ht, tsc, tscinvbit, bmi1, bmi2, adx, fma

Memory: 4k page, system-wide physical 16271M (3015M free)
TotalPageFile size 35727M (AvailPageFile size 8990M)
current process WorkingSet (physical memory assigned to process): 188M, peak: 188M
current process commit charge ("private bytes"): 320M, peak: 401M

vm_info: OpenJDK 64-Bit Server VM (14.0.1+7) for windows-amd64 JRE (14.0.1+7), built on Mar  5 2020 10:30:04 by "mach5one" with MS VC++ 15.9 (VS2017)

END.
